\BOOKMARK [0][-]{chapter*.2}{Introduction}{}% 1
\BOOKMARK [-1][-]{part.1}{I Background}{}% 2
\BOOKMARK [0][-]{chapter.1}{Gold standard}{part.1}% 3
\BOOKMARK [1][-]{section.1.1}{Section}{chapter.1}% 4
\BOOKMARK [-1][-]{part.2}{II A parallel way of using VFC without using active contours}{}% 5
\BOOKMARK [0][-]{chapter.2}{An overview about vector fields}{part.2}% 6
\BOOKMARK [0][-]{chapter.3}{The implementation}{part.2}% 7
\BOOKMARK [1][-]{section.3.1}{Vector field convolution}{chapter.3}% 8
\BOOKMARK [1][-]{section.3.2}{New kind approach to segment leukocytes}{chapter.3}% 9
\BOOKMARK [1][-]{section.3.3}{The VFC result}{chapter.3}% 10
\BOOKMARK [1][-]{section.3.4}{External Energy}{chapter.3}% 11
\BOOKMARK [2][-]{subsection.3.4.1}{Line functional}{section.3.4}% 12
\BOOKMARK [2][-]{subsection.3.4.2}{Edge functional}{section.3.4}% 13
\BOOKMARK [2][-]{subsection.3.4.3}{Termination functional}{section.3.4}% 14
\BOOKMARK [2][-]{subsection.3.4.4}{External energy result}{section.3.4}% 15
\BOOKMARK [1][-]{section.3.5}{Combination of two results}{chapter.3}% 16
\BOOKMARK [0][-]{section*.12}{Appendices}{part.2}% 17
\BOOKMARK [0][-]{Appendix.1.A}{Appendix chapter}{part.2}% 18
\BOOKMARK [1][-]{section.1.A.1}{Section}{Appendix.1.A}% 19
\BOOKMARK [0][-]{chapter*.13}{List of Figures}{part.2}% 20
\BOOKMARK [0][-]{chapter*.14}{List of Tables}{part.2}% 21
\BOOKMARK [0][-]{chapter*.15}{List of Listings}{part.2}% 22
\BOOKMARK [0][-]{chapter*.16}{Bibliography}{part.2}% 23
